<?xml version="1.0" encoding="UTF-8"?>
<!-- Generated by org.testng.reporters.JUnitReportReporter -->
<testsuite hostname="DESKTOP-F1M7V7C" failures="0" tests="1" name="Parameters.CorrectUsername" time="8.376" errors="0" timestamp="2022-08-04T22:23:04 IST" skipped="0">
  <testcase classname="Parameters.CorrectUsername" name="loginwithCorrectUsername" time="8.376"/>
  <system-out/>
</testsuite> <!-- Parameters.CorrectUsername -->
