<?xml version="1.0" encoding="UTF-8"?>
<!-- Generated by org.testng.reporters.JUnitReportReporter -->
<testsuite hostname="DESKTOP-F1M7V7C" failures="0" tests="1" name="Parameters.BothCorrect" time="9.467" errors="0" timestamp="2022-08-04T22:23:04 IST" skipped="0">
  <testcase classname="Parameters.BothCorrect" name="loginwithBothCorrect" time="9.467"/>
  <system-out/>
</testsuite> <!-- Parameters.BothCorrect -->
